<?xml version="1.0" encoding="utf-8"?><testsuites name="pytest tests"><testsuite name="pytest" errors="0" failures="0" skipped="0" tests="21" time="2.020" timestamp="2026-02-11T19:44:16.040047+00:00" hostname="agent-env-e98b4a07-508f-4b04-837b-3a1211619d56"><testcase classname="backend.tests.test_new_features.TestAdminUserManagement" name="test_admin_block_user" time="0.172" /><testcase classname="backend.tests.test_new_features.TestAdminUserManagement" name="test_admin_unblock_user" time="0.113" /><testcase classname="backend.tests.test_new_features.TestAdminUserManagement" name="test_admin_delete_user_with_ads" time="0.234" /><testcase classname="backend.tests.test_new_features.TestAdminUserManagement" name="test_admin_cannot_delete_self" time="0.067" /><testcase classname="backend.tests.test_new_features.TestTopUpSystem" name="test_topup_ad_success" time="0.197" /><testcase classname="backend.tests.test_new_features.TestTopUpSystem" name="test_topup_requires_auth" time="0.036" /><testcase classname="backend.tests.test_new_features.TestTopUpSystem" name="test_topup_only_own_ad" time="0.200" /><testcase classname="backend.tests.test_new_features.TestTopUpSystem" name="test_topup_only_active_ads" time="0.107" /><testcase classname="backend.tests.test_new_features.TestAutoTopUp" name="test_toggle_auto_topup_off" time="0.112" /><testcase classname="backend.tests.test_new_features.TestAutoTopUp" name="test_toggle_auto_topup_on" time="0.076" /><testcase classname="backend.tests.test_new_features.TestAutoTopUp" name="test_auto_topup_requires_auth" time="0.042" /><testcase classname="backend.tests.test_new_features.TestReferralSystem" name="test_get_referral_code" time="0.049" /><testcase classname="backend.tests.test_new_features.TestReferralSystem" name="test_referral_code_requires_auth" time="0.039" /><testcase classname="backend.tests.test_new_features.TestReferralSystem" name="test_track_referral" time="0.086" /><testcase classname="backend.tests.test_new_features.TestReferralSystem" name="test_track_invalid_referral" time="0.041" /><testcase classname="backend.tests.test_new_features.TestBannerUpload" name="test_banner_upload_requires_admin" time="0.094" /><testcase classname="backend.tests.test_new_features.TestBannerUpload" name="test_banner_upload_image_success" time="0.053" /><testcase classname="backend.tests.test_new_features.TestBannerUpload" name="test_banner_upload_invalid_type" time="0.097" /><testcase classname="backend.tests.test_new_features.TestAdSortingByTopupRank" name="test_ads_sorted_by_topup_rank" time="0.057" /><testcase classname="backend.tests.test_new_features.TestTermsPageContent" name="test_terms_page_loads" time="0.038" /><testcase classname="backend.tests.test_new_features.TestExistingTestAd" name="test_get_existing_ad" time="0.039" /></testsuite></testsuites>