<?xml version="1.0" encoding="utf-8"?><testsuites name="pytest tests"><testsuite name="pytest" errors="0" failures="0" skipped="0" tests="23" time="9.718" timestamp="2026-02-28T12:36:33.742964+00:00" hostname="agent-env-a7f1af03-1d39-415f-aed6-daab77134913"><testcase classname="backend.tests.test_location_map_features.TestJudeteEndpoint" name="test_get_judete_returns_200" time="1.445" /><testcase classname="backend.tests.test_location_map_features.TestJudeteEndpoint" name="test_get_judete_returns_list" time="0.269" /><testcase classname="backend.tests.test_location_map_features.TestJudeteEndpoint" name="test_judete_have_required_fields" time="0.276" /><testcase classname="backend.tests.test_location_map_features.TestJudeteEndpoint" name="test_judete_count_is_42" time="0.295" /><testcase classname="backend.tests.test_location_map_features.TestLocalitatiEndpoint" name="test_get_localitati_returns_200" time="0.270" /><testcase classname="backend.tests.test_location_map_features.TestLocalitatiEndpoint" name="test_get_localitati_returns_list" time="0.282" /><testcase classname="backend.tests.test_location_map_features.TestLocalitatiEndpoint" name="test_localitati_filter_by_judet_code" time="0.282" /><testcase classname="backend.tests.test_location_map_features.TestLocalitatiEndpoint" name="test_localitati_filter_by_cluj" time="0.257" /><testcase classname="backend.tests.test_location_map_features.TestLocalitatiEndpoint" name="test_localitati_have_required_fields" time="0.267" /><testcase classname="backend.tests.test_location_map_features.TestLocalitatiEndpoint" name="test_localitati_search_filter" time="0.275" /><testcase classname="backend.tests.test_location_map_features.TestLocalitatiAutocomplete" name="test_autocomplete_returns_200" time="0.486" /><testcase classname="backend.tests.test_location_map_features.TestLocalitatiAutocomplete" name="test_autocomplete_returns_list" time="0.499" /><testcase classname="backend.tests.test_location_map_features.TestLocalitatiAutocomplete" name="test_autocomplete_includes_judet_name" time="0.375" /><testcase classname="backend.tests.test_location_map_features.TestLocalitatiAutocomplete" name="test_autocomplete_display_format" time="0.396" /><testcase classname="backend.tests.test_location_map_features.TestLocalitatiAutocomplete" name="test_autocomplete_short_query_returns_empty" time="0.167" /><testcase classname="backend.tests.test_location_map_features.TestLocalitatiAutocomplete" name="test_autocomplete_limit_parameter" time="0.495" /><testcase classname="backend.tests.test_location_map_features.TestAdsWithLocationFilters" name="test_ads_endpoint_returns_200" time="0.493" /><testcase classname="backend.tests.test_location_map_features.TestAdsWithLocationFilters" name="test_ads_with_has_location_filter" time="0.487" /><testcase classname="backend.tests.test_location_map_features.TestAdsWithLocationFilters" name="test_ads_with_judet_code_filter" time="0.504" /><testcase classname="backend.tests.test_location_map_features.TestAdsWithLocationFilters" name="test_ads_response_structure" time="0.524" /><testcase classname="backend.tests.test_location_map_features.TestAdsWithLocationFilters" name="test_ads_with_location_have_coordinates" time="0.489" /><testcase classname="backend.tests.test_location_map_features.TestLocationDataIntegrity" name="test_localitati_reference_valid_judete" time="0.518" /><testcase classname="backend.tests.test_location_map_features.TestLocationDataIntegrity" name="test_bucuresti_has_sectors" time="0.292" /></testsuite></testsuites>