<?xml version="1.0" encoding="utf-8"?><testsuites name="pytest tests"><testsuite name="pytest" errors="0" failures="1" skipped="0" tests="18" time="4.921" timestamp="2026-02-27T14:58:50.148168+00:00" hostname="agent-env-04679f5b-c69a-48c9-8e21-93abbc534b9e"><testcase classname="backend.tests.test_x67_core_features.TestCategories" name="test_get_categories_returns_200" time="0.246" /><testcase classname="backend.tests.test_x67_core_features.TestCategories" name="test_categories_returns_all_8_categories" time="0.118" /><testcase classname="backend.tests.test_x67_core_features.TestCategories" name="test_categories_have_required_fields" time="0.127" /><testcase classname="backend.tests.test_x67_core_features.TestAds" name="test_get_ads_returns_200" time="1.389" /><testcase classname="backend.tests.test_x67_core_features.TestAds" name="test_ads_response_structure" time="0.340" /><testcase classname="backend.tests.test_x67_core_features.TestAds" name="test_ads_filter_by_category" time="0.345" /><testcase classname="backend.tests.test_x67_core_features.TestAds" name="test_ads_filter_by_city" time="0.350" /><testcase classname="backend.tests.test_x67_core_features.TestAuth" name="test_login_success" time="0.419" /><testcase classname="backend.tests.test_x67_core_features.TestAuth" name="test_login_invalid_credentials" time="0.249" /><testcase classname="backend.tests.test_x67_core_features.TestAuth" name="test_login_missing_fields" time="0.101" /><testcase classname="backend.tests.test_x67_core_features.TestAuth" name="test_auth_me_without_token" time="0.112" /><testcase classname="backend.tests.test_x67_core_features.TestAuth" name="test_forgot_password_endpoint" time="0.226" /><testcase classname="backend.tests.test_x67_core_features.TestCities" name="test_get_cities_returns_200" time="0.123" /><testcase classname="backend.tests.test_x67_core_features.TestCities" name="test_cities_returns_list" time="0.110" /><testcase classname="backend.tests.test_x67_core_features.TestCities" name="test_cities_have_required_fields" time="0.119" /><testcase classname="backend.tests.test_x67_core_features.TestHealthAndMisc" name="test_health_endpoint" time="0.108"><failure message="assert 404 == 200&#10; +  where 404 = &lt;Response [404]&gt;.status_code">backend/tests/test_x67_core_features.py:192: in test_health_endpoint
    assert response.status_code == 200
E   assert 404 == 200
E    +  where 404 = &lt;Response [404]&gt;.status_code</failure></testcase><testcase classname="backend.tests.test_x67_core_features.TestHealthAndMisc" name="test_banners_endpoint" time="0.234" /><testcase classname="backend.tests.test_x67_core_features.TestAdCreationAuth" name="test_create_ad_without_auth_returns_401" time="0.118" /></testsuite></testsuites>