<?xml version="1.0" encoding="utf-8"?><testsuites name="pytest tests"><testsuite name="pytest" errors="0" failures="0" skipped="0" tests="19" time="17.098" timestamp="2026-02-28T13:14:49.274212+00:00" hostname="agent-env-a7f1af03-1d39-415f-aed6-daab77134913"><testcase classname="backend.tests.test_ad_reporting.TestReportReasons" name="test_get_report_reasons_returns_200" time="0.123" /><testcase classname="backend.tests.test_ad_reporting.TestReportReasons" name="test_report_reasons_returns_8_reasons" time="0.127" /><testcase classname="backend.tests.test_ad_reporting.TestReportReasons" name="test_report_reasons_have_required_fields" time="0.113" /><testcase classname="backend.tests.test_ad_reporting.TestReportReasons" name="test_report_reasons_include_expected_types" time="0.119" /><testcase classname="backend.tests.test_ad_reporting.TestReportAd" name="test_report_ad_without_reason_fails" time="0.818" /><testcase classname="backend.tests.test_ad_reporting.TestReportAd" name="test_report_nonexistent_ad_fails" time="0.506" /><testcase classname="backend.tests.test_ad_reporting.TestReportAd" name="test_report_ad_with_valid_reason_succeeds" time="1.274" /><testcase classname="backend.tests.test_ad_reporting.TestReportAd" name="test_report_ad_with_description" time="1.310" /><testcase classname="backend.tests.test_ad_reporting.TestAdminReports" name="test_admin_reports_requires_auth" time="0.105" /><testcase classname="backend.tests.test_ad_reporting.TestAdminReports" name="test_admin_reports_requires_admin_role" time="0.615" /><testcase classname="backend.tests.test_ad_reporting.TestAdminReports" name="test_admin_reports_returns_200_for_admin" time="1.308" /><testcase classname="backend.tests.test_ad_reporting.TestAdminReports" name="test_admin_reports_response_structure" time="1.261" /><testcase classname="backend.tests.test_ad_reporting.TestAdminReports" name="test_admin_reports_stats_structure" time="1.309" /><testcase classname="backend.tests.test_ad_reporting.TestAdminReports" name="test_admin_reports_filter_by_status" time="1.281" /><testcase classname="backend.tests.test_ad_reporting.TestAdminReports" name="test_admin_reports_pagination" time="1.297" /><testcase classname="backend.tests.test_ad_reporting.TestUpdateReport" name="test_update_report_requires_admin" time="0.105" /><testcase classname="backend.tests.test_ad_reporting.TestUpdateReport" name="test_update_nonexistent_report_fails" time="0.719" /><testcase classname="backend.tests.test_ad_reporting.TestUpdateReport" name="test_update_report_dismiss" time="1.916" /><testcase classname="backend.tests.test_ad_reporting.TestReportIntegration" name="test_full_report_flow" time="2.723" /></testsuite></testsuites>