<?xml version="1.0" encoding="utf-8"?><testsuites name="pytest tests"><testsuite name="pytest" errors="0" failures="0" skipped="0" tests="30" time="21.281" timestamp="2026-02-28T19:50:15.059172+00:00" hostname="agent-env-07e7e99b-18f5-4591-9f4f-95a98c9b852f"><testcase classname="backend.tests.test_refactored_routes.TestHealthAndCore" name="test_health_endpoint" time="0.190" /><testcase classname="backend.tests.test_refactored_routes.TestHealthAndCore" name="test_categories_endpoint" time="0.128" /><testcase classname="backend.tests.test_refactored_routes.TestHealthAndCore" name="test_cities_endpoint" time="0.122" /><testcase classname="backend.tests.test_refactored_routes.TestAuthModule" name="test_login_success" time="0.345" /><testcase classname="backend.tests.test_refactored_routes.TestAuthModule" name="test_login_invalid_credentials" time="0.245" /><testcase classname="backend.tests.test_refactored_routes.TestAuthModule" name="test_me_unauthenticated" time="0.114" /><testcase classname="backend.tests.test_refactored_routes.TestAuthModule" name="test_me_authenticated" time="0.614" /><testcase classname="backend.tests.test_refactored_routes.TestAuthModule" name="test_logout" time="0.503" /><testcase classname="backend.tests.test_refactored_routes.TestAuthModule" name="test_register_duplicate_email" time="0.225" /><testcase classname="backend.tests.test_refactored_routes.TestPaymentsModule" name="test_webhook_get_returns_key" time="0.111" /><testcase classname="backend.tests.test_refactored_routes.TestPaymentsModule" name="test_create_order_requires_auth" time="0.103" /><testcase classname="backend.tests.test_refactored_routes.TestAdminModule" name="test_admin_stats" time="1.318" /><testcase classname="backend.tests.test_refactored_routes.TestAdminModule" name="test_admin_users" time="0.836" /><testcase classname="backend.tests.test_refactored_routes.TestAdminModule" name="test_admin_ads" time="0.852" /><testcase classname="backend.tests.test_refactored_routes.TestAdminModule" name="test_admin_analytics_dashboard" time="9.221" /><testcase classname="backend.tests.test_refactored_routes.TestAdminModule" name="test_admin_requires_auth" time="0.133" /><testcase classname="backend.tests.test_refactored_routes.TestPublicAPIModule" name="test_public_status" time="0.112" /><testcase classname="backend.tests.test_refactored_routes.TestPublicAPIModule" name="test_public_ads" time="0.355" /><testcase classname="backend.tests.test_refactored_routes.TestPublicAPIModule" name="test_public_categories" time="0.106" /><testcase classname="backend.tests.test_refactored_routes.TestLoyaltyModule" name="test_loyalty_status" time="0.724" /><testcase classname="backend.tests.test_refactored_routes.TestLoyaltyModule" name="test_loyalty_leaderboard" time="0.505" /><testcase classname="backend.tests.test_refactored_routes.TestSellerModule" name="test_seller_dashboard" time="1.194" /><testcase classname="backend.tests.test_refactored_routes.TestSellerModule" name="test_seller_dashboard_requires_auth" time="0.113" /><testcase classname="backend.tests.test_refactored_routes.TestReferralModule" name="test_referral_code" time="0.844" /><testcase classname="backend.tests.test_refactored_routes.TestReferralModule" name="test_referral_code_requires_auth" time="0.138" /><testcase classname="backend.tests.test_refactored_routes.TestEscrowModule" name="test_escrow_my_transactions" time="0.772" /><testcase classname="backend.tests.test_refactored_routes.TestEscrowModule" name="test_escrow_requires_auth" time="0.130" /><testcase classname="backend.tests.test_refactored_routes.TestAdsEndpoints" name="test_get_ads" time="0.458" /><testcase classname="backend.tests.test_refactored_routes.TestAdsEndpoints" name="test_get_ads_with_filters" time="0.457" /><testcase classname="backend.tests.test_refactored_routes.TestBannersEndpoint" name="test_get_banners" time="0.232" /></testsuite></testsuites>