<?xml version="1.0" encoding="utf-8"?><testsuites name="pytest tests"><testsuite name="pytest" errors="0" failures="0" skipped="0" tests="29" time="1.987" timestamp="2026-02-11T19:01:00.341719+00:00" hostname="agent-env-e98b4a07-508f-4b04-837b-3a1211619d56"><testcase classname="backend.tests.test_x67_marketplace.TestPublicAPIs" name="test_categories_returns_all_categories" time="0.112" /><testcase classname="backend.tests.test_x67_marketplace.TestPublicAPIs" name="test_real_estate_has_extensive_subcategories" time="0.036" /><testcase classname="backend.tests.test_x67_marketplace.TestPublicAPIs" name="test_jobs_has_extensive_subcategories" time="0.041" /><testcase classname="backend.tests.test_x67_marketplace.TestPublicAPIs" name="test_cities_returns_romanian_cities" time="0.040" /><testcase classname="backend.tests.test_x67_marketplace.TestPublicAPIs" name="test_car_brands_returns_brands_with_models" time="0.043" /><testcase classname="backend.tests.test_x67_marketplace.TestPublicAPIs" name="test_moto_brands_returns_brands_with_models" time="0.041" /><testcase classname="backend.tests.test_x67_marketplace.TestAuthEndpoints" name="test_user_registration_success" time="0.081" /><testcase classname="backend.tests.test_x67_marketplace.TestAuthEndpoints" name="test_user_registration_duplicate_email_fails" time="0.077" /><testcase classname="backend.tests.test_x67_marketplace.TestAuthEndpoints" name="test_user_login_success" time="0.126" /><testcase classname="backend.tests.test_x67_marketplace.TestAuthEndpoints" name="test_user_login_invalid_credentials" time="0.043" /><testcase classname="backend.tests.test_x67_marketplace.TestAuthEndpoints" name="test_admin_login_success" time="0.038" /><testcase classname="backend.tests.test_x67_marketplace.TestAuthEndpoints" name="test_auth_me_requires_authentication" time="0.040" /><testcase classname="backend.tests.test_x67_marketplace.TestAdsEndpoints" name="test_get_ads_public" time="0.082" /><testcase classname="backend.tests.test_x67_marketplace.TestAdsEndpoints" name="test_get_ads_with_category_filter" time="0.041" /><testcase classname="backend.tests.test_x67_marketplace.TestAdsEndpoints" name="test_get_promoted_ads" time="0.038" /><testcase classname="backend.tests.test_x67_marketplace.TestAdsEndpoints" name="test_create_ad_requires_auth" time="0.047" /><testcase classname="backend.tests.test_x67_marketplace.TestAdsEndpoints" name="test_create_ad_success" time="0.059" /><testcase classname="backend.tests.test_x67_marketplace.TestAdsEndpoints" name="test_get_ad_by_id" time="0.084" /><testcase classname="backend.tests.test_x67_marketplace.TestAdminEndpoints" name="test_admin_stats" time="0.095" /><testcase classname="backend.tests.test_x67_marketplace.TestAdminEndpoints" name="test_admin_users_list" time="0.050" /><testcase classname="backend.tests.test_x67_marketplace.TestAdminEndpoints" name="test_admin_ads_list" time="0.047" /><testcase classname="backend.tests.test_x67_marketplace.TestAdminEndpoints" name="test_admin_ads_filter_by_status" time="0.051" /><testcase classname="backend.tests.test_x67_marketplace.TestAdminEndpoints" name="test_admin_approve_ad" time="0.127" /><testcase classname="backend.tests.test_x67_marketplace.TestAdminEndpoints" name="test_admin_reject_ad" time="0.138" /><testcase classname="backend.tests.test_x67_marketplace.TestAdminEndpoints" name="test_admin_endpoints_require_admin_role" time="0.053" /><testcase classname="backend.tests.test_x67_marketplace.TestBannersEndpoint" name="test_get_homepage_banners" time="0.040" /><testcase classname="backend.tests.test_x67_marketplace.TestImageUpload" name="test_upload_requires_auth" time="0.032" /><testcase classname="backend.tests.test_x67_marketplace.TestImageUpload" name="test_upload_image_success" time="0.097" /><testcase classname="backend.tests.test_x67_marketplace.TestFreeAdCreation" name="test_ad_creation_is_free" time="0.090" /></testsuite></testsuites>