<?xml version="1.0" encoding="utf-8"?><testsuites name="pytest tests"><testsuite name="pytest" errors="0" failures="0" skipped="0" tests="18" time="5.030" timestamp="2026-02-27T15:00:32.974687+00:00" hostname="agent-env-04679f5b-c69a-48c9-8e21-93abbc534b9e"><testcase classname="backend.tests.test_x67_core_features.TestCategories" name="test_get_categories_returns_200" time="0.137" /><testcase classname="backend.tests.test_x67_core_features.TestCategories" name="test_categories_returns_all_8_categories" time="0.111" /><testcase classname="backend.tests.test_x67_core_features.TestCategories" name="test_categories_have_required_fields" time="0.116" /><testcase classname="backend.tests.test_x67_core_features.TestAds" name="test_get_ads_returns_200" time="1.405" /><testcase classname="backend.tests.test_x67_core_features.TestAds" name="test_ads_response_structure" time="0.345" /><testcase classname="backend.tests.test_x67_core_features.TestAds" name="test_ads_filter_by_category" time="0.337" /><testcase classname="backend.tests.test_x67_core_features.TestAds" name="test_ads_filter_by_city" time="0.402" /><testcase classname="backend.tests.test_x67_core_features.TestAuth" name="test_login_success" time="0.376" /><testcase classname="backend.tests.test_x67_core_features.TestAuth" name="test_login_invalid_credentials" time="0.220" /><testcase classname="backend.tests.test_x67_core_features.TestAuth" name="test_login_missing_fields" time="0.113" /><testcase classname="backend.tests.test_x67_core_features.TestAuth" name="test_auth_me_without_token" time="0.125" /><testcase classname="backend.tests.test_x67_core_features.TestAuth" name="test_forgot_password_endpoint" time="0.221" /><testcase classname="backend.tests.test_x67_core_features.TestCities" name="test_get_cities_returns_200" time="0.130" /><testcase classname="backend.tests.test_x67_core_features.TestCities" name="test_cities_returns_list" time="0.107" /><testcase classname="backend.tests.test_x67_core_features.TestCities" name="test_cities_have_required_fields" time="0.127" /><testcase classname="backend.tests.test_x67_core_features.TestHealthAndMisc" name="test_banners_endpoint" time="0.235" /><testcase classname="backend.tests.test_x67_core_features.TestHealthAndMisc" name="test_ads_search" time="0.345" /><testcase classname="backend.tests.test_x67_core_features.TestAdCreationAuth" name="test_create_ad_without_auth_returns_401" time="0.106" /></testsuite></testsuites>