<?xml version="1.0" encoding="utf-8"?><testsuites name="pytest tests"><testsuite name="pytest" errors="0" failures="0" skipped="1" tests="30" time="1.373" timestamp="2026-02-11T20:09:47.452075+00:00" hostname="agent-env-e98b4a07-508f-4b04-837b-3a1211619d56"><testcase classname="backend.tests.test_backlog_features.TestFavorites" name="test_add_favorite" time="0.207" /><testcase classname="backend.tests.test_backlog_features.TestFavorites" name="test_add_favorite_duplicate" time="0.019" /><testcase classname="backend.tests.test_backlog_features.TestFavorites" name="test_check_favorite_true" time="0.019" /><testcase classname="backend.tests.test_backlog_features.TestFavorites" name="test_get_favorites_list" time="0.017" /><testcase classname="backend.tests.test_backlog_features.TestFavorites" name="test_remove_favorite" time="0.056" /><testcase classname="backend.tests.test_backlog_features.TestFavorites" name="test_check_favorite_false" time="0.013" /><testcase classname="backend.tests.test_backlog_features.TestFavorites" name="test_remove_favorite_not_found" time="0.052" /><testcase classname="backend.tests.test_backlog_features.TestFavorites" name="test_add_favorite_invalid_ad" time="0.011" /><testcase classname="backend.tests.test_backlog_features.TestFavorites" name="test_favorites_requires_auth" time="0.036" /><testcase classname="backend.tests.test_backlog_features.TestMessaging" name="test_send_message_creates_conversation" time="0.059"><skipped type="pytest.skip" message="Cannot message own ad">/app/backend/tests/test_backlog_features.py:176: Cannot message own ad</skipped></testcase><testcase classname="backend.tests.test_backlog_features.TestMessaging" name="test_send_message_missing_fields" time="0.053" /><testcase classname="backend.tests.test_backlog_features.TestMessaging" name="test_get_conversations" time="0.012" /><testcase classname="backend.tests.test_backlog_features.TestMessaging" name="test_get_unread_count" time="0.011" /><testcase classname="backend.tests.test_backlog_features.TestMessaging" name="test_messages_requires_auth" time="0.093" /><testcase classname="backend.tests.test_backlog_features.TestAnalytics" name="test_analytics_overview" time="0.012" /><testcase classname="backend.tests.test_backlog_features.TestAnalytics" name="test_analytics_views" time="0.012" /><testcase classname="backend.tests.test_backlog_features.TestAnalytics" name="test_analytics_ads_performance" time="0.014" /><testcase classname="backend.tests.test_backlog_features.TestAnalytics" name="test_analytics_requires_auth" time="0.056" /><testcase classname="backend.tests.test_backlog_features.TestAdminCategories" name="test_admin_get_categories" time="0.052" /><testcase classname="backend.tests.test_backlog_features.TestAdminCategories" name="test_admin_create_category" time="0.033" /><testcase classname="backend.tests.test_backlog_features.TestAdminCategories" name="test_admin_update_category" time="0.012" /><testcase classname="backend.tests.test_backlog_features.TestAdminCategories" name="test_admin_delete_category" time="0.053" /><testcase classname="backend.tests.test_backlog_features.TestAdminCategories" name="test_admin_categories_requires_admin" time="0.040" /><testcase classname="backend.tests.test_backlog_features.TestAdminCities" name="test_admin_get_cities" time="0.012" /><testcase classname="backend.tests.test_backlog_features.TestAdminCities" name="test_admin_create_city" time="0.033" /><testcase classname="backend.tests.test_backlog_features.TestAdminCities" name="test_admin_update_city" time="0.012" /><testcase classname="backend.tests.test_backlog_features.TestAdminCities" name="test_admin_delete_city" time="0.057" /><testcase classname="backend.tests.test_backlog_features.TestAdminCities" name="test_admin_cities_requires_admin" time="0.040" /><testcase classname="backend.tests.test_backlog_features.TestIntegration" name="test_favorite_and_check_flow" time="0.156" /><testcase classname="backend.tests.test_backlog_features.TestIntegration" name="test_analytics_reflects_data" time="0.027" /></testsuite></testsuites>