<?xml version="1.0" encoding="utf-8"?><testsuites name="pytest tests"><testsuite name="pytest" errors="0" failures="0" skipped="0" tests="17" time="16.645" timestamp="2026-02-27T20:28:03.743737+00:00" hostname="agent-env-fa217a65-4cf4-4114-90e5-05e9f080defc"><testcase classname="backend.tests.test_phase4_features.TestPhase4APIs" name="test_seller_dashboard_returns_200" time="2.480" /><testcase classname="backend.tests.test_phase4_features.TestPhase4APIs" name="test_seller_dashboard_has_summary" time="1.256" /><testcase classname="backend.tests.test_phase4_features.TestPhase4APIs" name="test_seller_dashboard_has_recent_activity" time="1.279" /><testcase classname="backend.tests.test_phase4_features.TestPhase4APIs" name="test_seller_dashboard_has_top_ads" time="1.282" /><testcase classname="backend.tests.test_phase4_features.TestPhase4APIs" name="test_seller_dashboard_has_loyalty_info" time="1.263" /><testcase classname="backend.tests.test_phase4_features.TestPhase4APIs" name="test_seller_dashboard_requires_auth" time="0.638" /><testcase classname="backend.tests.test_phase4_features.TestPhase4APIs" name="test_loyalty_status_returns_200" time="0.790" /><testcase classname="backend.tests.test_phase4_features.TestPhase4APIs" name="test_loyalty_status_has_required_fields" time="0.791" /><testcase classname="backend.tests.test_phase4_features.TestPhase4APIs" name="test_loyalty_status_all_levels_structure" time="0.785" /><testcase classname="backend.tests.test_phase4_features.TestPhase4APIs" name="test_loyalty_leaderboard_returns_200" time="0.545" /><testcase classname="backend.tests.test_phase4_features.TestPhase4APIs" name="test_loyalty_claim_daily_endpoint_exists" time="1.356" /><testcase classname="backend.tests.test_phase4_features.TestPhase4APIs" name="test_loyalty_status_requires_auth" time="0.565" /><testcase classname="backend.tests.test_phase4_features.TestPhase4APIs" name="test_referral_code_returns_200" time="0.855" /><testcase classname="backend.tests.test_phase4_features.TestPhase4APIs" name="test_referral_code_has_required_fields" time="0.875" /><testcase classname="backend.tests.test_phase4_features.TestPhase4APIs" name="test_referral_list_returns_200" time="0.758" /><testcase classname="backend.tests.test_phase4_features.TestPhase4APIs" name="test_referral_code_requires_auth" time="0.586" /><testcase classname="backend.tests.test_phase4_features.TestPhase4APIs" name="test_referral_list_requires_auth" time="0.472" /></testsuite></testsuites>