<?xml version="1.0" encoding="utf-8"?><testsuites name="pytest tests"><testsuite name="pytest" errors="0" failures="0" skipped="8" tests="19" time="8.832" timestamp="2026-02-28T13:13:49.475282+00:00" hostname="agent-env-a7f1af03-1d39-415f-aed6-daab77134913"><testcase classname="backend.tests.test_ad_reporting.TestReportReasons" name="test_get_report_reasons_returns_200" time="0.245" /><testcase classname="backend.tests.test_ad_reporting.TestReportReasons" name="test_report_reasons_returns_8_reasons" time="0.109" /><testcase classname="backend.tests.test_ad_reporting.TestReportReasons" name="test_report_reasons_have_required_fields" time="0.104" /><testcase classname="backend.tests.test_ad_reporting.TestReportReasons" name="test_report_reasons_include_expected_types" time="0.113" /><testcase classname="backend.tests.test_ad_reporting.TestReportAd" name="test_report_ad_without_reason_fails" time="1.886" /><testcase classname="backend.tests.test_ad_reporting.TestReportAd" name="test_report_nonexistent_ad_fails" time="0.482" /><testcase classname="backend.tests.test_ad_reporting.TestReportAd" name="test_report_ad_with_valid_reason_succeeds" time="1.605" /><testcase classname="backend.tests.test_ad_reporting.TestReportAd" name="test_report_ad_with_description" time="1.276" /><testcase classname="backend.tests.test_ad_reporting.TestAdminReports" name="test_admin_reports_requires_auth" time="0.136" /><testcase classname="backend.tests.test_ad_reporting.TestAdminReports" name="test_admin_reports_requires_admin_role" time="0.603" /><testcase classname="backend.tests.test_ad_reporting.TestAdminReports" name="test_admin_reports_returns_200_for_admin" time="0.216"><skipped type="pytest.skip" message="Could not login as admin: {&quot;detail&quot;:&quot;Invalid credentials&quot;}">/app/backend/tests/test_ad_reporting.py:184: Could not login as admin: {"detail":"Invalid credentials"}</skipped></testcase><testcase classname="backend.tests.test_ad_reporting.TestAdminReports" name="test_admin_reports_response_structure" time="0.212"><skipped type="pytest.skip" message="Could not login as admin: {&quot;detail&quot;:&quot;Invalid credentials&quot;}">/app/backend/tests/test_ad_reporting.py:190: Could not login as admin: {"detail":"Invalid credentials"}</skipped></testcase><testcase classname="backend.tests.test_ad_reporting.TestAdminReports" name="test_admin_reports_stats_structure" time="0.211"><skipped type="pytest.skip" message="Could not login as admin: {&quot;detail&quot;:&quot;Invalid credentials&quot;}">/app/backend/tests/test_ad_reporting.py:202: Could not login as admin: {"detail":"Invalid credentials"}</skipped></testcase><testcase classname="backend.tests.test_ad_reporting.TestAdminReports" name="test_admin_reports_filter_by_status" time="0.217"><skipped type="pytest.skip" message="Could not login as admin: {&quot;detail&quot;:&quot;Invalid credentials&quot;}">/app/backend/tests/test_ad_reporting.py:214: Could not login as admin: {"detail":"Invalid credentials"}</skipped></testcase><testcase classname="backend.tests.test_ad_reporting.TestAdminReports" name="test_admin_reports_pagination" time="0.222"><skipped type="pytest.skip" message="Could not login as admin: {&quot;detail&quot;:&quot;Invalid credentials&quot;}">/app/backend/tests/test_ad_reporting.py:225: Could not login as admin: {"detail":"Invalid credentials"}</skipped></testcase><testcase classname="backend.tests.test_ad_reporting.TestUpdateReport" name="test_update_report_requires_admin" time="0.098" /><testcase classname="backend.tests.test_ad_reporting.TestUpdateReport" name="test_update_nonexistent_report_fails" time="0.229"><skipped type="pytest.skip" message="Could not login as admin: {&quot;detail&quot;:&quot;Invalid credentials&quot;}">/app/backend/tests/test_ad_reporting.py:269: Could not login as admin: {"detail":"Invalid credentials"}</skipped></testcase><testcase classname="backend.tests.test_ad_reporting.TestUpdateReport" name="test_update_report_dismiss" time="0.214"><skipped type="pytest.skip" message="Could not login as admin: {&quot;detail&quot;:&quot;Invalid credentials&quot;}">/app/backend/tests/test_ad_reporting.py:279: Could not login as admin: {"detail":"Invalid credentials"}</skipped></testcase><testcase classname="backend.tests.test_ad_reporting.TestReportIntegration" name="test_full_report_flow" time="0.578"><skipped type="pytest.skip" message="Could not login as admin: {&quot;detail&quot;:&quot;Invalid credentials&quot;}">/app/backend/tests/test_ad_reporting.py:323: Could not login as admin: {"detail":"Invalid credentials"}</skipped></testcase></testsuite></testsuites>