<?xml version="1.0" encoding="utf-8"?><testsuites name="pytest tests"><testsuite name="pytest" errors="0" failures="0" skipped="0" tests="18" time="20.934" timestamp="2026-02-16T17:36:15.863090+00:00" hostname="agent-env-28df7b08-29e0-42ca-b641-8b1e92a3c6d9"><testcase classname="backend.tests.test_password_and_autoapproval.TestForgotPassword" name="test_forgot_password_existing_email" time="1.910" /><testcase classname="backend.tests.test_password_and_autoapproval.TestForgotPassword" name="test_forgot_password_nonexistent_email" time="0.236" /><testcase classname="backend.tests.test_password_and_autoapproval.TestForgotPassword" name="test_forgot_password_invalid_email_format" time="0.151" /><testcase classname="backend.tests.test_password_and_autoapproval.TestForgotPassword" name="test_forgot_password_missing_email" time="0.199" /><testcase classname="backend.tests.test_password_and_autoapproval.TestResetPassword" name="test_reset_password_invalid_token" time="0.491" /><testcase classname="backend.tests.test_password_and_autoapproval.TestResetPassword" name="test_reset_password_short_password" time="0.294" /><testcase classname="backend.tests.test_password_and_autoapproval.TestResetPassword" name="test_reset_password_missing_fields" time="0.111" /><testcase classname="backend.tests.test_password_and_autoapproval.TestAdminChangePassword" name="test_admin_change_password_success" time="2.498" /><testcase classname="backend.tests.test_password_and_autoapproval.TestAdminChangePassword" name="test_admin_change_password_short_password" time="1.885" /><testcase classname="backend.tests.test_password_and_autoapproval.TestAdminChangePassword" name="test_admin_change_password_nonexistent_user" time="0.775" /><testcase classname="backend.tests.test_password_and_autoapproval.TestAdminChangePassword" name="test_admin_change_password_requires_admin" time="2.420" /><testcase classname="backend.tests.test_password_and_autoapproval.TestAutoApprovalBot" name="test_non_escort_ad_auto_approved" time="1.405" /><testcase classname="backend.tests.test_password_and_autoapproval.TestAutoApprovalBot" name="test_electronics_ad_auto_approved" time="1.332" /><testcase classname="backend.tests.test_password_and_autoapproval.TestAutoApprovalBot" name="test_cars_ad_auto_approved" time="1.237" /><testcase classname="backend.tests.test_password_and_autoapproval.TestAutoApprovalBot" name="test_jobs_ad_auto_approved" time="1.421" /><testcase classname="backend.tests.test_password_and_autoapproval.TestAutoApprovalBot" name="test_escort_ad_requires_manual_approval" time="1.408" /><testcase classname="backend.tests.test_password_and_autoapproval.TestAutoApprovalBot" name="test_services_ad_auto_approved" time="1.261" /><testcase classname="backend.tests.test_password_and_autoapproval.TestAdCreationFree" name="test_ad_creation_is_free" time="1.815" /></testsuite></testsuites>